2022-10-23T12:51:41.463777+09:00 0 [Warning] [MY-011068] [Server] The syntax '--skip-host-cache' is deprecated and will be removed in a future release. Please use SET GLOBAL host_cache_size=0 instead.
2022-10-23T12:51:41.463841+09:00 0 [Warning] [MY-010918] [Server] 'default_authentication_plugin' is deprecated and will be removed in a future release. Please use authentication_policy instead.
2022-10-23T12:51:41.463852+09:00 0 [System] [MY-013169] [Server] /usr/sbin/mysqld (mysqld 8.0.30) initializing of server in progress as process 81
2022-10-23T12:51:41.469281+09:00 1 [System] [MY-013576] [InnoDB] InnoDB initialization has started.
2022-10-23T12:51:41.770589+09:00 1 [System] [MY-013577] [InnoDB] InnoDB initialization has ended.
2022-10-23T12:51:42.989037+09:00 6 [Warning] [MY-010453] [Server] root@localhost is created with an empty password ! Please consider switching off the --initialize-insecure option.
2022-10-23T12:51:46.365770+09:00 0 [Warning] [MY-011068] [Server] The syntax '--skip-host-cache' is deprecated and will be removed in a future release. Please use SET GLOBAL host_cache_size=0 instead.
2022-10-23T12:51:46.366676+09:00 0 [Warning] [MY-010918] [Server] 'default_authentication_plugin' is deprecated and will be removed in a future release. Please use authentication_policy instead.
2022-10-23T12:51:46.366696+09:00 0 [System] [MY-010116] [Server] /usr/sbin/mysqld (mysqld 8.0.30) starting as process 132
2022-10-23T12:51:46.378835+09:00 1 [System] [MY-013576] [InnoDB] InnoDB initialization has started.
2022-10-23T12:51:46.475669+09:00 1 [System] [MY-013577] [InnoDB] InnoDB initialization has ended.
2022-10-23T12:51:46.684369+09:00 0 [Warning] [MY-010068] [Server] CA certificate ca.pem is self signed.
2022-10-23T12:51:46.684393+09:00 0 [System] [MY-013602] [Server] Channel mysql_main configured to support TLS. Encrypted connections are now supported for this channel.
2022-10-23T12:51:46.686287+09:00 0 [Warning] [MY-011810] [Server] Insecure configuration for --pid-file: Location '/var/run/mysqld' in the path is accessible to all OS users. Consider choosing a different directory.
2022-10-23T12:51:46.698552+09:00 0 [System] [MY-011323] [Server] X Plugin ready for connections. Socket: /var/run/mysqld/mysqlx.sock
2022-10-23T12:51:46.698591+09:00 0 [System] [MY-010931] [Server] /usr/sbin/mysqld: ready for connections. Version: '8.0.30'  socket: '/var/run/mysqld/mysqld.sock'  port: 0  MySQL Community Server - GPL.
2022-10-23T12:51:49.021489+09:00 13 [System] [MY-013172] [Server] Received SHUTDOWN from user root. Shutting down mysqld (Version: 8.0.30).
2022-10-23T12:51:50.360789+09:00 0 [System] [MY-010910] [Server] /usr/sbin/mysqld: Shutdown complete (mysqld 8.0.30)  MySQL Community Server - GPL.
2022-10-23T12:51:51.213787+09:00 0 [Warning] [MY-011068] [Server] The syntax '--skip-host-cache' is deprecated and will be removed in a future release. Please use SET GLOBAL host_cache_size=0 instead.
2022-10-23T12:51:51.214791+09:00 0 [Warning] [MY-010918] [Server] 'default_authentication_plugin' is deprecated and will be removed in a future release. Please use authentication_policy instead.
2022-10-23T12:51:51.214805+09:00 0 [System] [MY-010116] [Server] /usr/sbin/mysqld (mysqld 8.0.30) starting as process 1
2022-10-23T12:51:51.219175+09:00 1 [System] [MY-013576] [InnoDB] InnoDB initialization has started.
2022-10-23T12:51:51.305251+09:00 1 [System] [MY-013577] [InnoDB] InnoDB initialization has ended.
2022-10-23T12:51:51.431370+09:00 0 [Warning] [MY-010068] [Server] CA certificate ca.pem is self signed.
2022-10-23T12:51:51.431395+09:00 0 [System] [MY-013602] [Server] Channel mysql_main configured to support TLS. Encrypted connections are now supported for this channel.
2022-10-23T12:51:51.433311+09:00 0 [Warning] [MY-011810] [Server] Insecure configuration for --pid-file: Location '/var/run/mysqld' in the path is accessible to all OS users. Consider choosing a different directory.
2022-10-23T12:51:51.446345+09:00 0 [System] [MY-011323] [Server] X Plugin ready for connections. Bind-address: '::' port: 33060, socket: /var/run/mysqld/mysqlx.sock
2022-10-23T12:51:51.446371+09:00 0 [System] [MY-010931] [Server] /usr/sbin/mysqld: ready for connections. Version: '8.0.30'  socket: '/var/run/mysqld/mysqld.sock'  port: 3306  MySQL Community Server - GPL.
2022-10-23T12:53:44.726225+09:00 0 [System] [MY-013172] [Server] Received SHUTDOWN from user <via user signal>. Shutting down mysqld (Version: 8.0.30).
2022-10-23T12:53:45.907333+09:00 0 [System] [MY-010910] [Server] /usr/sbin/mysqld: Shutdown complete (mysqld 8.0.30)  MySQL Community Server - GPL.
2022-10-23T12:53:47.222840+09:00 0 [Warning] [MY-011068] [Server] The syntax '--skip-host-cache' is deprecated and will be removed in a future release. Please use SET GLOBAL host_cache_size=0 instead.
2022-10-23T12:53:47.223908+09:00 0 [Warning] [MY-010918] [Server] 'default_authentication_plugin' is deprecated and will be removed in a future release. Please use authentication_policy instead.
2022-10-23T12:53:47.223922+09:00 0 [System] [MY-010116] [Server] /usr/sbin/mysqld (mysqld 8.0.30) starting as process 1
2022-10-23T12:53:47.228787+09:00 1 [System] [MY-013576] [InnoDB] InnoDB initialization has started.
2022-10-23T12:53:47.312933+09:00 1 [System] [MY-013577] [InnoDB] InnoDB initialization has ended.
2022-10-23T12:53:47.488307+09:00 0 [Warning] [MY-010068] [Server] CA certificate ca.pem is self signed.
2022-10-23T12:53:47.488360+09:00 0 [System] [MY-013602] [Server] Channel mysql_main configured to support TLS. Encrypted connections are now supported for this channel.
2022-10-23T12:53:47.490272+09:00 0 [Warning] [MY-011810] [Server] Insecure configuration for --pid-file: Location '/var/run/mysqld' in the path is accessible to all OS users. Consider choosing a different directory.
2022-10-23T12:53:47.503459+09:00 0 [System] [MY-011323] [Server] X Plugin ready for connections. Bind-address: '::' port: 33060, socket: /var/run/mysqld/mysqlx.sock
2022-10-23T12:53:47.503507+09:00 0 [System] [MY-010931] [Server] /usr/sbin/mysqld: ready for connections. Version: '8.0.30'  socket: '/var/run/mysqld/mysqld.sock'  port: 3306  MySQL Community Server - GPL.
2022-10-23T13:07:54.548353+09:00 0 [System] [MY-013172] [Server] Received SHUTDOWN from user <via user signal>. Shutting down mysqld (Version: 8.0.30).
2022-10-23T13:07:55.954818+09:00 0 [System] [MY-010910] [Server] /usr/sbin/mysqld: Shutdown complete (mysqld 8.0.30)  MySQL Community Server - GPL.
2022-10-23T13:07:57.218936+09:00 0 [Warning] [MY-011068] [Server] The syntax '--skip-host-cache' is deprecated and will be removed in a future release. Please use SET GLOBAL host_cache_size=0 instead.
2022-10-23T13:07:57.220125+09:00 0 [Warning] [MY-010918] [Server] 'default_authentication_plugin' is deprecated and will be removed in a future release. Please use authentication_policy instead.
2022-10-23T13:07:57.220141+09:00 0 [System] [MY-010116] [Server] /usr/sbin/mysqld (mysqld 8.0.30) starting as process 1
2022-10-23T13:07:57.224618+09:00 1 [System] [MY-013576] [InnoDB] InnoDB initialization has started.
2022-10-23T13:07:57.312944+09:00 1 [System] [MY-013577] [InnoDB] InnoDB initialization has ended.
2022-10-23T13:07:57.441656+09:00 0 [Warning] [MY-010068] [Server] CA certificate ca.pem is self signed.
2022-10-23T13:07:57.441683+09:00 0 [System] [MY-013602] [Server] Channel mysql_main configured to support TLS. Encrypted connections are now supported for this channel.
2022-10-23T13:07:57.443770+09:00 0 [Warning] [MY-011810] [Server] Insecure configuration for --pid-file: Location '/var/run/mysqld' in the path is accessible to all OS users. Consider choosing a different directory.
2022-10-23T13:07:57.457125+09:00 0 [System] [MY-011323] [Server] X Plugin ready for connections. Bind-address: '::' port: 33060, socket: /var/run/mysqld/mysqlx.sock
2022-10-23T13:07:57.457338+09:00 0 [System] [MY-010931] [Server] /usr/sbin/mysqld: ready for connections. Version: '8.0.30'  socket: '/var/run/mysqld/mysqld.sock'  port: 3306  MySQL Community Server - GPL.
2022-10-23T13:08:07.172070+09:00 0 [System] [MY-013172] [Server] Received SHUTDOWN from user <via user signal>. Shutting down mysqld (Version: 8.0.30).
2022-10-23T13:08:07.915439+09:00 0 [System] [MY-010910] [Server] /usr/sbin/mysqld: Shutdown complete (mysqld 8.0.30)  MySQL Community Server - GPL.
2022-10-23T13:08:09.192742+09:00 0 [Warning] [MY-011068] [Server] The syntax '--skip-host-cache' is deprecated and will be removed in a future release. Please use SET GLOBAL host_cache_size=0 instead.
2022-10-23T13:08:09.193989+09:00 0 [Warning] [MY-010918] [Server] 'default_authentication_plugin' is deprecated and will be removed in a future release. Please use authentication_policy instead.
2022-10-23T13:08:09.194005+09:00 0 [System] [MY-010116] [Server] /usr/sbin/mysqld (mysqld 8.0.30) starting as process 1
2022-10-23T13:08:09.199405+09:00 1 [System] [MY-013576] [InnoDB] InnoDB initialization has started.
2022-10-23T13:08:09.326786+09:00 1 [System] [MY-013577] [InnoDB] InnoDB initialization has ended.
2022-10-23T13:08:09.464333+09:00 0 [Warning] [MY-010068] [Server] CA certificate ca.pem is self signed.
2022-10-23T13:08:09.464357+09:00 0 [System] [MY-013602] [Server] Channel mysql_main configured to support TLS. Encrypted connections are now supported for this channel.
2022-10-23T13:08:09.466572+09:00 0 [Warning] [MY-011810] [Server] Insecure configuration for --pid-file: Location '/var/run/mysqld' in the path is accessible to all OS users. Consider choosing a different directory.
2022-10-23T13:08:09.481794+09:00 0 [System] [MY-011323] [Server] X Plugin ready for connections. Bind-address: '::' port: 33060, socket: /var/run/mysqld/mysqlx.sock
2022-10-23T13:08:09.481815+09:00 0 [System] [MY-010931] [Server] /usr/sbin/mysqld: ready for connections. Version: '8.0.30'  socket: '/var/run/mysqld/mysqld.sock'  port: 3306  MySQL Community Server - GPL.
2022-10-23T14:03:44.851155+09:00 0 [System] [MY-013172] [Server] Received SHUTDOWN from user <via user signal>. Shutting down mysqld (Version: 8.0.30).
2022-10-23T14:03:45.132455+09:00 0 [System] [MY-010910] [Server] /usr/sbin/mysqld: Shutdown complete (mysqld 8.0.30)  MySQL Community Server - GPL.
2022-10-23T14:03:59.187469+09:00 0 [Warning] [MY-011068] [Server] The syntax '--skip-host-cache' is deprecated and will be removed in a future release. Please use SET GLOBAL host_cache_size=0 instead.
2022-10-23T14:03:59.189438+09:00 0 [Warning] [MY-010918] [Server] 'default_authentication_plugin' is deprecated and will be removed in a future release. Please use authentication_policy instead.
2022-10-23T14:03:59.189453+09:00 0 [System] [MY-010116] [Server] /usr/sbin/mysqld (mysqld 8.0.30) starting as process 1
2022-10-23T14:03:59.195120+09:00 1 [System] [MY-013576] [InnoDB] InnoDB initialization has started.
2022-10-23T14:03:59.297482+09:00 1 [System] [MY-013577] [InnoDB] InnoDB initialization has ended.
2022-10-23T14:03:59.480129+09:00 0 [Warning] [MY-010068] [Server] CA certificate ca.pem is self signed.
2022-10-23T14:03:59.480162+09:00 0 [System] [MY-013602] [Server] Channel mysql_main configured to support TLS. Encrypted connections are now supported for this channel.
2022-10-23T14:03:59.481882+09:00 0 [Warning] [MY-011810] [Server] Insecure configuration for --pid-file: Location '/var/run/mysqld' in the path is accessible to all OS users. Consider choosing a different directory.
2022-10-23T14:03:59.502905+09:00 0 [System] [MY-011323] [Server] X Plugin ready for connections. Bind-address: '::' port: 33060, socket: /var/run/mysqld/mysqlx.sock
2022-10-23T14:03:59.502965+09:00 0 [System] [MY-010931] [Server] /usr/sbin/mysqld: ready for connections. Version: '8.0.30'  socket: '/var/run/mysqld/mysqld.sock'  port: 3306  MySQL Community Server - GPL.
